TN:
SF:primera-prueba.js
FN:39,LongWord
FN:47,get longWord
FN:53,long
FNF:3
FNH:3
FNDA:5,LongWord
FNDA:5,get longWord
FNDA:5,long
DA:1,1
DA:2,1
DA:3,1
DA:4,1
DA:5,1
DA:6,1
DA:7,1
DA:8,1
DA:9,1
DA:10,1
DA:11,1
DA:12,1
DA:13,1
DA:14,1
DA:15,1
DA:16,1
DA:17,1
DA:18,1
DA:19,1
DA:20,1
DA:21,1
DA:22,1
DA:23,1
DA:24,1
DA:25,1
DA:26,1
DA:27,1
DA:28,1
DA:29,1
DA:30,1
DA:31,1
DA:32,1
DA:33,1
DA:34,1
DA:35,1
DA:36,1
DA:37,1
DA:38,1
DA:39,1
DA:40,5
DA:41,5
DA:42,5
DA:43,5
DA:44,1
DA:45,1
DA:46,1
DA:47,1
DA:48,5
DA:49,5
DA:50,1
DA:51,1
DA:52,1
DA:53,1
DA:54,5
DA:55,33
DA:56,5
DA:57,5
DA:58,33
DA:59,5
DA:60,5
DA:61,5
DA:62,1
DA:63,1
DA:64,1
LF:64
LH:64
BRDA:39,0,0,5
BRDA:47,1,0,5
BRDA:53,2,0,5
BRDA:54,3,0,33
BRDA:55,4,0,5
BRDA:60,5,0,3
BRDA:60,6,0,2
BRF:7
BRH:7
end_of_record
TN:
SF:segunda-prueba.js
FN:7,mostVoted
FNF:1
FNH:1
FNDA:2,mostVoted
DA:1,1
DA:2,1
DA:3,1
DA:4,1
DA:5,1
DA:6,1
DA:7,2
DA:8,2
DA:9,2
DA:10,2
DA:11,2
DA:12,2
DA:13,2
DA:14,28
DA:15,211
DA:16,211
DA:17,65
DA:18,65
DA:19,65
DA:20,65
DA:21,10
DA:22,10
DA:23,10
DA:24,65
DA:25,65
DA:26,211
DA:27,211
DA:28,28
DA:29,28
DA:30,28
DA:31,2
DA:32,2
DA:33,2
DA:34,1
DA:35,1
DA:36,1
LF:36
LH:36
BRDA:7,0,0,2
BRDA:13,1,0,28
BRDA:14,2,0,211
BRDA:16,3,0,65
BRDA:20,4,0,10
BRF:5
BRH:5
end_of_record
TN:
SF:tercera-prueba.js
FN:11,isPrime
FN:22,primeNumber
FNF:2
FNH:2
FNDA:22,isPrime
FNDA:3,primeNumber
DA:1,1
DA:2,1
DA:3,1
DA:4,1
DA:5,1
DA:6,1
DA:7,1
DA:8,1
DA:9,1
DA:10,1
DA:11,1
DA:12,6
DA:13,6
DA:14,6
DA:15,6
DA:16,6
DA:17,6
DA:18,6
DA:19,6
DA:20,6
DA:21,1
DA:22,3
DA:23,3
DA:24,3
DA:25,3
DA:26,3
DA:27,3
DA:28,3
DA:29,170
DA:30,166
DA:31,22
DA:32,22
DA:33,166
DA:34,170
DA:35,3
DA:36,3
DA:37,22
DA:38,6
DA:39,6
DA:40,22
DA:41,3
DA:42,3
DA:43,3
DA:44,1
DA:45,1
LF:45
LH:45
BRDA:11,0,0,22
BRDA:14,1,0,2
BRDA:14,2,0,20
BRDA:16,3,0,14
BRDA:11,4,0,6
BRDA:22,5,0,3
BRDA:28,6,0,170
BRDA:29,7,0,166
BRDA:30,8,0,22
BRDA:42,9,0,0
BRDA:36,10,0,22
BRDA:37,11,0,6
BRF:12
BRH:11
end_of_record
